<?xml version="1.0" encoding="UTF-8"?>
<!-- Generated by org.testng.reporters.JUnitXMLReporter -->
<testsuite ignored="0" hostname="Rincy" failures="1" tests="1" name="ChromeTest" time="5.403" errors="0" timestamp="2025-08-18T10:55:17 EDT">
  <testcase classname="testscript.HomeTest" name="verifyUserisAbleToLoginSuccessfully" time="1.895">
    <failure type="java.lang.AssertionError" message="Heading is Wrong expected [7mart] but found [7rmart supermarket]">
      <![CDATA[java.lang.AssertionError: Heading is Wrong expected [7mart] but found [7rmart supermarket]
at testscript.HomeTest.verifyUserisAbleToLoginSuccessfully(HomeTest.java:35)
at java.base/java.util.ArrayList.forEach(ArrayList.java:1511)
... Removed 32 stack frames]]>
    </failure>
  </testcase> <!-- verifyUserisAbleToLoginSuccessfully -->
</testsuite> <!-- ChromeTest -->
