<?xml version="1.0" encoding="UTF-8"?>
<testng-results ignored="0" total="2" passed="2" failed="0" skipped="0">
  <reporter-output>
  </reporter-output>
  <suite started-at="2025-08-18T10:58:24 EDT" name="Parallel Testing" finished-at="2025-08-18T10:58:34 EDT" duration-ms="10070">
    <groups>
    </groups>
    <test started-at="2025-08-18T10:58:24 EDT" name="Test" finished-at="2025-08-18T10:58:30 EDT" duration-ms="5322">
      <class name="testscript.LoginTest">
        <test-method is-config="true" signature="initializeBrowser(java.lang.String)[pri:0, instance:testscript.LoginTest@4145bad8]" started-at="2025-08-18T10:58:24 EDT" name="initializeBrowser" finished-at="2025-08-18T10:58:28 EDT" duration-ms="3705" status="PASS">
          <params>
            <param index="0">
              <value>
                <![CDATA[chrome]]>
              </value>
            </param>
          </params>
          <reporter-output>
          </reporter-output>
        </test-method> <!-- initializeBrowser -->
        <test-method signature="verifyValidCredentials()[pri:1, instance:testscript.LoginTest@4145bad8]" started-at="2025-08-18T10:58:28 EDT" name="verifyValidCredentials" description="verify whether user is able to login with valid credentials" finished-at="2025-08-18T10:58:29 EDT" duration-ms="1355" status="PASS">
          <reporter-output>
          </reporter-output>
        </test-method> <!-- verifyValidCredentials -->
        <test-method is-config="true" signature="driverQuit(org.testng.ITestResult)[pri:0, instance:testscript.LoginTest@4145bad8]" started-at="2025-08-18T10:58:29 EDT" name="driverQuit" finished-at="2025-08-18T10:58:30 EDT" duration-ms="195" status="PASS">
          <params>
            <param index="0">
              <value>
                <![CDATA[[TestResult name=verifyValidCredentials status=SUCCESS method=LoginTest.verifyValidCredentials()[pri:1, instance:testscript.LoginTest@4145bad8] output={null}]]]>
              </value>
            </param>
          </params>
          <reporter-output>
          </reporter-output>
        </test-method> <!-- driverQuit -->
      </class> <!-- testscript.LoginTest -->
    </test> <!-- Test -->
    <test started-at="2025-08-18T10:58:30 EDT" name="Test2" finished-at="2025-08-18T10:58:34 EDT" duration-ms="4732">
      <class name="testscript.LoginTest">
        <test-method is-config="true" signature="initializeBrowser(java.lang.String)[pri:0, instance:testscript.LoginTest@5890e879]" started-at="2025-08-18T10:58:30 EDT" name="initializeBrowser" finished-at="2025-08-18T10:58:34 EDT" duration-ms="4034" status="PASS">
          <params>
            <param index="0">
              <value>
                <![CDATA[edge]]>
              </value>
            </param>
          </params>
          <reporter-output>
          </reporter-output>
        </test-method> <!-- initializeBrowser -->
        <test-method signature="verifyInValidCredentials()[pri:4, instance:testscript.LoginTest@5890e879]" started-at="2025-08-18T10:58:34 EDT" name="verifyInValidCredentials" description="verify whether user is able to login with invalid credentials" finished-at="2025-08-18T10:58:34 EDT" duration-ms="477" status="PASS">
          <reporter-output>
          </reporter-output>
        </test-method> <!-- verifyInValidCredentials -->
        <test-method is-config="true" signature="driverQuit(org.testng.ITestResult)[pri:0, instance:testscript.LoginTest@5890e879]" started-at="2025-08-18T10:58:34 EDT" name="driverQuit" finished-at="2025-08-18T10:58:34 EDT" duration-ms="217" status="PASS">
          <params>
            <param index="0">
              <value>
                <![CDATA[[TestResult name=verifyInValidCredentials status=SUCCESS method=LoginTest.verifyInValidCredentials()[pri:4, instance:testscript.LoginTest@5890e879] output={null}]]]>
              </value>
            </param>
          </params>
          <reporter-output>
          </reporter-output>
        </test-method> <!-- driverQuit -->
      </class> <!-- testscript.LoginTest -->
    </test> <!-- Test2 -->
  </suite> <!-- Parallel Testing -->
</testng-results>
