<?xml version="1.0" encoding="UTF-8"?>
<!-- Generated by org.testng.reporters.JUnitXMLReporter -->
<testsuite ignored="3" hostname="Rincy" failures="1" tests="3" name="Test" time="9.596" errors="0" timestamp="2025-08-25T10:32:23 EDT">
  <testcase classname="testscript.LoginTest" name="verifyValidCredentials" time="0.012">
    <skipped/>
  </testcase> <!-- verifyValidCredentials -->
  <testcase classname="testscript.LoginTest" name="verifyValidCredentials" time="0.003">
    <skipped/>
  </testcase> <!-- verifyValidCredentials -->
  <testcase classname="testscript.LoginTest" name="verifyValidCredentials" time="0.002">
    <failure type="java.io.FileNotFoundException" message="C:\Users\14379\eclipse-workspace\GroceryApplicationProject\src\test\resources\TestSheet.xlsx (The system cannot find the path specified)">
      <![CDATA[java.io.FileNotFoundException: C:\Users\14379\eclipse-workspace\GroceryApplicationProject\src\test\resources\TestSheet.xlsx (The system cannot find the path specified)
at java.base/java.io.FileInputStream.open0(Native Method)
at java.base/java.io.FileInputStream.open(FileInputStream.java:216)
at java.base/java.io.FileInputStream.<init>(FileInputStream.java:157)
at java.base/java.io.FileInputStream.<init>(FileInputStream.java:111)
at utilities.ExcelUtility.getStringData(ExcelUtility.java:17)
at testscript.LoginTest.verifyValidCredentials(LoginTest.java:23)
at java.base/java.util.ArrayList.forEach(ArrayList.java:1511)
... Removed 27 stack frames]]>
    </failure>
  </testcase> <!-- verifyValidCredentials -->
  <testcase classname="testscript.LoginTest" name="verifyValidUsername" time="0.0">
    <ignored/>
  </testcase> <!-- verifyValidUsername -->
  <testcase classname="testscript.LoginTest" name="verifyInValidCredentials" time="0.0">
    <ignored/>
  </testcase> <!-- verifyInValidCredentials -->
  <testcase classname="testscript.LoginTest" name="verifyValidPassword" time="0.0">
    <ignored/>
  </testcase> <!-- verifyValidPassword -->
</testsuite> <!-- Test -->
