<?xml version="1.0" encoding="UTF-8"?>
<!-- Generated by org.testng.reporters.JUnitXMLReporter -->
<testsuite ignored="3" hostname="Rincy" failures="0" tests="1" name="Test2" time="4.732" errors="0" timestamp="2025-08-18T10:58:34 EDT">
  <testcase classname="testscript.LoginTest" name="verifyInValidCredentials" time="0.477"/>
  <testcase classname="testscript.LoginTest" name="verifyValidPassword" time="0.0">
    <ignored/>
  </testcase> <!-- verifyValidPassword -->
  <testcase classname="testscript.LoginTest" name="verifyValidCredentials" time="0.0">
    <ignored/>
  </testcase> <!-- verifyValidCredentials -->
  <testcase classname="testscript.LoginTest" name="verifyValidUsername" time="0.0">
    <ignored/>
  </testcase> <!-- verifyValidUsername -->
</testsuite> <!-- Test2 -->
