<?xml version="1.0" encoding="UTF-8"?>
<!-- Generated by org.testng.reporters.JUnitXMLReporter -->
<testsuite ignored="3" hostname="Rincy" failures="0" tests="1" name="Test" time="5.322" errors="0" timestamp="2025-08-18T10:58:30 EDT">
  <testcase classname="testscript.LoginTest" name="verifyValidCredentials" time="1.355"/>
  <testcase classname="testscript.LoginTest" name="verifyValidPassword" time="0.0">
    <ignored/>
  </testcase> <!-- verifyValidPassword -->
  <testcase classname="testscript.LoginTest" name="verifyInValidCredentials" time="0.0">
    <ignored/>
  </testcase> <!-- verifyInValidCredentials -->
  <testcase classname="testscript.LoginTest" name="verifyValidUsername" time="0.0">
    <ignored/>
  </testcase> <!-- verifyValidUsername -->
</testsuite> <!-- Test -->
