<?xml version="1.0" encoding="UTF-8"?>
<!-- Generated by org.testng.reporters.JUnitXMLReporter -->
<testsuite ignored="3" hostname="Rincy" failures="0" tests="1" name="Default test" time="4.701" errors="0" timestamp="2025-08-11T10:33:15 EDT">
  <testcase classname="testscript.LoginTest" name="verifyValidCredentials" time="1.469"/>
  <testcase classname="testscript.LoginTest" name="verifyValidUsername" time="0.0">
    <ignored/>
  </testcase> <!-- verifyValidUsername -->
  <testcase classname="testscript.LoginTest" name="verifyInValidCredentials" time="0.0">
    <ignored/>
  </testcase> <!-- verifyInValidCredentials -->
  <testcase classname="testscript.LoginTest" name="verifyValidPassword" time="0.0">
    <ignored/>
  </testcase> <!-- verifyValidPassword -->
</testsuite> <!-- Default test -->
